0 info it worked if it ends with ok
1 verbose cli [ '/Users/tomhu/.nvm/v0.10.33/bin/node',
1 verbose cli   '/Users/tomhu/.nvm/v0.10.33/bin/npm',
1 verbose cli   'install' ]
2 info using npm@1.4.28
3 info using node@v0.10.33
4 verbose readDependencies using package.json deps
5 verbose install where, deps [ '/Users/tomhu/Documents/Private/Project/Lucky-Film',
5 verbose install   [ 'express',
5 verbose install     'static-favicon',
5 verbose install     'morgan',
5 verbose install     'cookie-parser',
5 verbose install     'body-parser',
5 verbose install     'debug',
5 verbose install     'jade' ] ]
6 info preinstall Lucky-Film@0.0.1
7 verbose readDependencies using package.json deps
8 verbose cache add [ 'express@~4.2.0', null ]
9 verbose cache add name=undefined spec="express@~4.2.0" args=["express@~4.2.0",null]
10 verbose parsed url { protocol: null,
10 verbose parsed url   slashes: null,
10 verbose parsed url   auth: null,
10 verbose parsed url   host: null,
10 verbose parsed url   port: null,
10 verbose parsed url   hostname: null,
10 verbose parsed url   hash: null,
10 verbose parsed url   search: null,
10 verbose parsed url   query: null,
10 verbose parsed url   pathname: 'express@~4.2.0',
10 verbose parsed url   path: 'express@~4.2.0',
10 verbose parsed url   href: 'express@~4.2.0' }
11 verbose cache add [ 'static-favicon@~1.0.0', null ]
12 verbose cache add name=undefined spec="static-favicon@~1.0.0" args=["static-favicon@~1.0.0",null]
13 verbose parsed url { protocol: null,
13 verbose parsed url   slashes: null,
13 verbose parsed url   auth: null,
13 verbose parsed url   host: null,
13 verbose parsed url   port: null,
13 verbose parsed url   hostname: null,
13 verbose parsed url   hash: null,
13 verbose parsed url   search: null,
13 verbose parsed url   query: null,
13 verbose parsed url   pathname: 'static-favicon@~1.0.0',
13 verbose parsed url   path: 'static-favicon@~1.0.0',
13 verbose parsed url   href: 'static-favicon@~1.0.0' }
14 verbose cache add name="express" spec="~4.2.0" args=["express","~4.2.0"]
15 verbose parsed url { protocol: null,
15 verbose parsed url   slashes: null,
15 verbose parsed url   auth: null,
15 verbose parsed url   host: null,
15 verbose parsed url   port: null,
15 verbose parsed url   hostname: null,
15 verbose parsed url   hash: null,
15 verbose parsed url   search: null,
15 verbose parsed url   query: null,
15 verbose parsed url   pathname: '~4.2.0',
15 verbose parsed url   path: '~4.2.0',
15 verbose parsed url   href: '~4.2.0' }
16 verbose addNamed [ 'express', '~4.2.0' ]
17 verbose addNamed [ null, '>=4.2.0-0 <4.3.0-0' ]
18 verbose cache add name="static-favicon" spec="~1.0.0" args=["static-favicon","~1.0.0"]
19 verbose parsed url { protocol: null,
19 verbose parsed url   slashes: null,
19 verbose parsed url   auth: null,
19 verbose parsed url   host: null,
19 verbose parsed url   port: null,
19 verbose parsed url   hostname: null,
19 verbose parsed url   hash: null,
19 verbose parsed url   search: null,
19 verbose parsed url   query: null,
19 verbose parsed url   pathname: '~1.0.0',
19 verbose parsed url   path: '~1.0.0',
19 verbose parsed url   href: '~1.0.0' }
20 verbose addNamed [ 'static-favicon', '~1.0.0' ]
21 verbose addNamed [ null, '>=1.0.0-0 <1.1.0-0' ]
22 verbose cache add [ 'morgan@~1.0.0', null ]
23 verbose cache add name=undefined spec="morgan@~1.0.0" args=["morgan@~1.0.0",null]
24 verbose parsed url { protocol: null,
24 verbose parsed url   slashes: null,
24 verbose parsed url   auth: null,
24 verbose parsed url   host: null,
24 verbose parsed url   port: null,
24 verbose parsed url   hostname: null,
24 verbose parsed url   hash: null,
24 verbose parsed url   search: null,
24 verbose parsed url   query: null,
24 verbose parsed url   pathname: 'morgan@~1.0.0',
24 verbose parsed url   path: 'morgan@~1.0.0',
24 verbose parsed url   href: 'morgan@~1.0.0' }
25 verbose cache add [ 'cookie-parser@~1.0.1', null ]
26 verbose cache add name=undefined spec="cookie-parser@~1.0.1" args=["cookie-parser@~1.0.1",null]
27 verbose parsed url { protocol: null,
27 verbose parsed url   slashes: null,
27 verbose parsed url   auth: null,
27 verbose parsed url   host: null,
27 verbose parsed url   port: null,
27 verbose parsed url   hostname: null,
27 verbose parsed url   hash: null,
27 verbose parsed url   search: null,
27 verbose parsed url   query: null,
27 verbose parsed url   pathname: 'cookie-parser@~1.0.1',
27 verbose parsed url   path: 'cookie-parser@~1.0.1',
27 verbose parsed url   href: 'cookie-parser@~1.0.1' }
28 verbose cache add [ 'body-parser@~1.0.0', null ]
29 verbose cache add name=undefined spec="body-parser@~1.0.0" args=["body-parser@~1.0.0",null]
30 verbose parsed url { protocol: null,
30 verbose parsed url   slashes: null,
30 verbose parsed url   auth: null,
30 verbose parsed url   host: null,
30 verbose parsed url   port: null,
30 verbose parsed url   hostname: null,
30 verbose parsed url   hash: null,
30 verbose parsed url   search: null,
30 verbose parsed url   query: null,
30 verbose parsed url   pathname: 'body-parser@~1.0.0',
30 verbose parsed url   path: 'body-parser@~1.0.0',
30 verbose parsed url   href: 'body-parser@~1.0.0' }
31 silly lockFile e148bbb5-express-4-2-0 express@~4.2.0
32 verbose lock express@~4.2.0 /Users/tomhu/.npm/e148bbb5-express-4-2-0.lock
33 silly lockFile 934b2baf-static-favicon-1-0-0 static-favicon@~1.0.0
34 verbose lock static-favicon@~1.0.0 /Users/tomhu/.npm/934b2baf-static-favicon-1-0-0.lock
35 verbose cache add name="morgan" spec="~1.0.0" args=["morgan","~1.0.0"]
36 verbose parsed url { protocol: null,
36 verbose parsed url   slashes: null,
36 verbose parsed url   auth: null,
36 verbose parsed url   host: null,
36 verbose parsed url   port: null,
36 verbose parsed url   hostname: null,
36 verbose parsed url   hash: null,
36 verbose parsed url   search: null,
36 verbose parsed url   query: null,
36 verbose parsed url   pathname: '~1.0.0',
36 verbose parsed url   path: '~1.0.0',
36 verbose parsed url   href: '~1.0.0' }
37 verbose addNamed [ 'morgan', '~1.0.0' ]
38 verbose addNamed [ null, '>=1.0.0-0 <1.1.0-0' ]
39 silly lockFile 58998603-morgan-1-0-0 morgan@~1.0.0
40 verbose lock morgan@~1.0.0 /Users/tomhu/.npm/58998603-morgan-1-0-0.lock
41 verbose cache add name="cookie-parser" spec="~1.0.1" args=["cookie-parser","~1.0.1"]
42 verbose parsed url { protocol: null,
42 verbose parsed url   slashes: null,
42 verbose parsed url   auth: null,
42 verbose parsed url   host: null,
42 verbose parsed url   port: null,
42 verbose parsed url   hostname: null,
42 verbose parsed url   hash: null,
42 verbose parsed url   search: null,
42 verbose parsed url   query: null,
42 verbose parsed url   pathname: '~1.0.1',
42 verbose parsed url   path: '~1.0.1',
42 verbose parsed url   href: '~1.0.1' }
43 verbose addNamed [ 'cookie-parser', '~1.0.1' ]
44 verbose addNamed [ null, '>=1.0.1-0 <1.1.0-0' ]
45 silly lockFile 8e5bf42e-cookie-parser-1-0-1 cookie-parser@~1.0.1
46 verbose lock cookie-parser@~1.0.1 /Users/tomhu/.npm/8e5bf42e-cookie-parser-1-0-1.lock
47 verbose cache add name="body-parser" spec="~1.0.0" args=["body-parser","~1.0.0"]
48 verbose parsed url { protocol: null,
48 verbose parsed url   slashes: null,
48 verbose parsed url   auth: null,
48 verbose parsed url   host: null,
48 verbose parsed url   port: null,
48 verbose parsed url   hostname: null,
48 verbose parsed url   hash: null,
48 verbose parsed url   search: null,
48 verbose parsed url   query: null,
48 verbose parsed url   pathname: '~1.0.0',
48 verbose parsed url   path: '~1.0.0',
48 verbose parsed url   href: '~1.0.0' }
49 verbose addNamed [ 'body-parser', '~1.0.0' ]
50 verbose addNamed [ null, '>=1.0.0-0 <1.1.0-0' ]
51 silly lockFile 9ca6d1f0-body-parser-1-0-0 body-parser@~1.0.0
52 verbose lock body-parser@~1.0.0 /Users/tomhu/.npm/9ca6d1f0-body-parser-1-0-0.lock
53 verbose cache add [ 'debug@~0.7.4', null ]
54 verbose cache add name=undefined spec="debug@~0.7.4" args=["debug@~0.7.4",null]
55 verbose parsed url { protocol: null,
55 verbose parsed url   slashes: null,
55 verbose parsed url   auth: null,
55 verbose parsed url   host: null,
55 verbose parsed url   port: null,
55 verbose parsed url   hostname: null,
55 verbose parsed url   hash: null,
55 verbose parsed url   search: null,
55 verbose parsed url   query: null,
55 verbose parsed url   pathname: 'debug@~0.7.4',
55 verbose parsed url   path: 'debug@~0.7.4',
55 verbose parsed url   href: 'debug@~0.7.4' }
56 verbose cache add [ 'jade@~1.3.0', null ]
57 verbose cache add name=undefined spec="jade@~1.3.0" args=["jade@~1.3.0",null]
58 verbose parsed url { protocol: null,
58 verbose parsed url   slashes: null,
58 verbose parsed url   auth: null,
58 verbose parsed url   host: null,
58 verbose parsed url   port: null,
58 verbose parsed url   hostname: null,
58 verbose parsed url   hash: null,
58 verbose parsed url   search: null,
58 verbose parsed url   query: null,
58 verbose parsed url   pathname: 'jade@~1.3.0',
58 verbose parsed url   path: 'jade@~1.3.0',
58 verbose parsed url   href: 'jade@~1.3.0' }
59 verbose cache add name="debug" spec="~0.7.4" args=["debug","~0.7.4"]
60 verbose parsed url { protocol: null,
60 verbose parsed url   slashes: null,
60 verbose parsed url   auth: null,
60 verbose parsed url   host: null,
60 verbose parsed url   port: null,
60 verbose parsed url   hostname: null,
60 verbose parsed url   hash: null,
60 verbose parsed url   search: null,
60 verbose parsed url   query: null,
60 verbose parsed url   pathname: '~0.7.4',
60 verbose parsed url   path: '~0.7.4',
60 verbose parsed url   href: '~0.7.4' }
61 verbose addNamed [ 'debug', '~0.7.4' ]
62 verbose addNamed [ null, '>=0.7.4-0 <0.8.0-0' ]
63 silly lockFile cf1a6986-debug-0-7-4 debug@~0.7.4
64 verbose lock debug@~0.7.4 /Users/tomhu/.npm/cf1a6986-debug-0-7-4.lock
65 verbose cache add name="jade" spec="~1.3.0" args=["jade","~1.3.0"]
66 verbose parsed url { protocol: null,
66 verbose parsed url   slashes: null,
66 verbose parsed url   auth: null,
66 verbose parsed url   host: null,
66 verbose parsed url   port: null,
66 verbose parsed url   hostname: null,
66 verbose parsed url   hash: null,
66 verbose parsed url   search: null,
66 verbose parsed url   query: null,
66 verbose parsed url   pathname: '~1.3.0',
66 verbose parsed url   path: '~1.3.0',
66 verbose parsed url   href: '~1.3.0' }
67 verbose addNamed [ 'jade', '~1.3.0' ]
68 verbose addNamed [ null, '>=1.3.0-0 <1.4.0-0' ]
69 silly lockFile a8defa57-jade-1-3-0 jade@~1.3.0
70 verbose lock jade@~1.3.0 /Users/tomhu/.npm/a8defa57-jade-1-3-0.lock
71 silly addNameRange { name: 'express', range: '>=4.2.0-0 <4.3.0-0', hasData: false }
72 silly addNameRange { name: 'static-favicon',
72 silly addNameRange   range: '>=1.0.0-0 <1.1.0-0',
72 silly addNameRange   hasData: false }
73 silly addNameRange { name: 'morgan', range: '>=1.0.0-0 <1.1.0-0', hasData: false }
74 silly addNameRange { name: 'cookie-parser',
74 silly addNameRange   range: '>=1.0.1-0 <1.1.0-0',
74 silly addNameRange   hasData: false }
75 silly addNameRange { name: 'body-parser',
75 silly addNameRange   range: '>=1.0.0-0 <1.1.0-0',
75 silly addNameRange   hasData: false }
76 verbose request where is /static-favicon
77 verbose request registry https://registry.npmjs.org/
78 verbose request id 90c84027562d2713
79 verbose url raw /static-favicon
80 verbose url resolving [ 'https://registry.npmjs.org/', './static-favicon' ]
81 verbose url resolved https://registry.npmjs.org/static-favicon
82 verbose request where is https://registry.npmjs.org/static-favicon
83 info trying registry request attempt 1 at 00:15:39
84 http GET https://registry.npmjs.org/static-favicon
85 silly addNameRange { name: 'debug', range: '>=0.7.4-0 <0.8.0-0', hasData: false }
86 silly addNameRange { name: 'jade', range: '>=1.3.0-0 <1.4.0-0', hasData: false }
87 verbose request where is /jade
88 verbose request registry https://registry.npmjs.org/
89 verbose url raw /jade
90 verbose url resolving [ 'https://registry.npmjs.org/', './jade' ]
91 verbose url resolved https://registry.npmjs.org/jade
92 verbose request where is https://registry.npmjs.org/jade
93 info trying registry request attempt 1 at 00:15:39
94 http GET https://registry.npmjs.org/jade
95 verbose request where is /express
96 verbose request registry https://registry.npmjs.org/
97 verbose url raw /express
98 verbose url resolving [ 'https://registry.npmjs.org/', './express' ]
99 verbose url resolved https://registry.npmjs.org/express
100 verbose request where is https://registry.npmjs.org/express
101 info trying registry request attempt 1 at 00:15:39
102 verbose etag "9VWKYZ1F4O5IC5ARH8TR2R278"
103 http GET https://registry.npmjs.org/express
104 verbose request where is /cookie-parser
105 verbose request registry https://registry.npmjs.org/
106 verbose url raw /cookie-parser
107 verbose url resolving [ 'https://registry.npmjs.org/', './cookie-parser' ]
108 verbose url resolved https://registry.npmjs.org/cookie-parser
109 verbose request where is https://registry.npmjs.org/cookie-parser
110 info trying registry request attempt 1 at 00:15:39
111 verbose etag "D2I21Z55J0M83YHA636O1DW9K"
112 http GET https://registry.npmjs.org/cookie-parser
113 verbose request where is /morgan
114 verbose request registry https://registry.npmjs.org/
115 verbose url raw /morgan
116 verbose url resolving [ 'https://registry.npmjs.org/', './morgan' ]
117 verbose url resolved https://registry.npmjs.org/morgan
118 verbose request where is https://registry.npmjs.org/morgan
119 info trying registry request attempt 1 at 00:15:39
120 verbose etag "708ZQTN8ZP2GVR4WWCO6UK2FY"
121 http GET https://registry.npmjs.org/morgan
122 verbose request where is /debug
123 verbose request registry https://registry.npmjs.org/
124 verbose url raw /debug
125 verbose url resolving [ 'https://registry.npmjs.org/', './debug' ]
126 verbose url resolved https://registry.npmjs.org/debug
127 verbose request where is https://registry.npmjs.org/debug
128 info trying registry request attempt 1 at 00:15:39
129 verbose etag "6XAF04JEIUAY679NV7GJMKWPQ"
130 http GET https://registry.npmjs.org/debug
131 verbose request where is /body-parser
132 verbose request registry https://registry.npmjs.org/
133 verbose url raw /body-parser
134 verbose url resolving [ 'https://registry.npmjs.org/', './body-parser' ]
135 verbose url resolved https://registry.npmjs.org/body-parser
136 verbose request where is https://registry.npmjs.org/body-parser
137 info trying registry request attempt 1 at 00:15:39
138 verbose etag "31NOWALYE5KS8CUXXM9FZZM0H"
139 http GET https://registry.npmjs.org/body-parser
140 http 200 https://registry.npmjs.org/static-favicon
141 silly registry.get cb [ 200,
141 silly registry.get   { date: 'Thu, 06 Nov 2014 16:15:39 GMT',
141 silly registry.get     server: 'CouchDB/1.5.0 (Erlang OTP/R16B03)',
141 silly registry.get     etag: '"E28TG3I7VV6QKUTJCOE3Z14V2"',
141 silly registry.get     'content-type': 'application/json',
141 silly registry.get     'cache-control': 'max-age=60',
141 silly registry.get     'content-length': '5196',
141 silly registry.get     'accept-ranges': 'bytes',
141 silly registry.get     via: '1.1 varnish',
141 silly registry.get     age: '11',
141 silly registry.get     'x-served-by': 'cache-ty67-TYO',
141 silly registry.get     'x-cache': 'HIT',
141 silly registry.get     'x-cache-hits': '2',
141 silly registry.get     'x-timer': 'S1415290539.899699,VS0,VE0',
141 silly registry.get     vary: 'Accept',
141 silly registry.get     'keep-alive': 'timeout=10, max=50',
141 silly registry.get     connection: 'Keep-Alive' } ]
142 http 304 https://registry.npmjs.org/cookie-parser
143 silly registry.get cb [ 304,
143 silly registry.get   { date: 'Thu, 06 Nov 2014 16:15:39 GMT',
143 silly registry.get     server: 'Apache',
143 silly registry.get     via: '1.1 varnish',
143 silly registry.get     'last-modified': 'Thu, 06 Nov 2014 16:15:39 GMT',
143 silly registry.get     'cache-control': 'max-age=60',
143 silly registry.get     etag: '"D2I21Z55J0M83YHA636O1DW9K"',
143 silly registry.get     age: '11',
143 silly registry.get     'x-served-by': 'cache-ty68-TYO',
143 silly registry.get     'x-cache': 'HIT',
143 silly registry.get     'x-cache-hits': '1',
143 silly registry.get     'x-timer': 'S1415290539.903336,VS0,VE0',
143 silly registry.get     vary: 'Accept',
143 silly registry.get     'content-length': '0',
143 silly registry.get     'keep-alive': 'timeout=10, max=50',
143 silly registry.get     connection: 'Keep-Alive' } ]
144 verbose etag https://registry.npmjs.org/cookie-parser from cache
145 silly addNameRange number 2 { name: 'cookie-parser',
145 silly addNameRange   range: '>=1.0.1-0 <1.1.0-0',
145 silly addNameRange   hasData: true }
146 silly addNameRange versions [ 'cookie-parser',
146 silly addNameRange   [ '1.0.0',
146 silly addNameRange     '1.0.1',
146 silly addNameRange     '1.1.0',
146 silly addNameRange     '1.2.0',
146 silly addNameRange     '1.3.0',
146 silly addNameRange     '1.3.1',
146 silly addNameRange     '1.3.2',
146 silly addNameRange     '1.3.3' ] ]
147 verbose addNamed [ 'cookie-parser', '1.0.1' ]
148 verbose addNamed [ '1.0.1', '1.0.1' ]
149 silly lockFile 8d245ba8-cookie-parser-1-0-1 cookie-parser@1.0.1
150 verbose lock cookie-parser@1.0.1 /Users/tomhu/.npm/8d245ba8-cookie-parser-1-0-1.lock
151 silly addNameRange number 2 { name: 'static-favicon',
151 silly addNameRange   range: '>=1.0.0-0 <1.1.0-0',
151 silly addNameRange   hasData: true }
152 silly addNameRange versions [ 'static-favicon',
152 silly addNameRange   [ '1.0.0', '1.0.1', '1.0.2', '2.0.0-alpha' ] ]
153 verbose addNamed [ 'static-favicon', '1.0.2' ]
154 verbose addNamed [ '1.0.2', '1.0.2' ]
155 silly lockFile d92031be-static-favicon-1-0-2 static-favicon@1.0.2
156 verbose lock static-favicon@1.0.2 /Users/tomhu/.npm/d92031be-static-favicon-1-0-2.lock
157 silly lockFile 668bf449-e-parser-cookie-parser-1-0-1-tgz https://registry.npmjs.org/cookie-parser/-/cookie-parser-1.0.1.tgz
158 verbose lock https://registry.npmjs.org/cookie-parser/-/cookie-parser-1.0.1.tgz /Users/tomhu/.npm/668bf449-e-parser-cookie-parser-1-0-1-tgz.lock
159 warn deprecated static-favicon@1.0.2: use serve-favicon module
160 silly lockFile 91d3f0b0-favicon-static-favicon-1-0-2-tgz https://registry.npmjs.org/static-favicon/-/static-favicon-1.0.2.tgz
161 verbose lock https://registry.npmjs.org/static-favicon/-/static-favicon-1.0.2.tgz /Users/tomhu/.npm/91d3f0b0-favicon-static-favicon-1-0-2-tgz.lock
162 verbose addRemoteTarball [ 'https://registry.npmjs.org/cookie-parser/-/cookie-parser-1.0.1.tgz',
162 verbose addRemoteTarball   '17bd622c9717cd0858a912a9fef4c0362360a7b0' ]
163 verbose addRemoteTarball [ 'https://registry.npmjs.org/static-favicon/-/static-favicon-1.0.2.tgz',
163 verbose addRemoteTarball   '7c15920dda2bf33f414b0e60aebbd65cdd2a1d2f' ]
164 info retry fetch attempt 1 at 00:15:39
165 verbose fetch to= /var/folders/fn/b72clltj0mz2xrjgxx0m6tq00000gn/T/npm-1329-k1olJdRw/registry.npmjs.org/static-favicon/-/static-favicon-1.0.2.tgz
166 http GET https://registry.npmjs.org/static-favicon/-/static-favicon-1.0.2.tgz
167 info retry fetch attempt 1 at 00:15:39
168 verbose fetch to= /var/folders/fn/b72clltj0mz2xrjgxx0m6tq00000gn/T/npm-1329-k1olJdRw/registry.npmjs.org/cookie-parser/-/cookie-parser-1.0.1.tgz
169 http GET https://registry.npmjs.org/cookie-parser/-/cookie-parser-1.0.1.tgz
170 http 304 https://registry.npmjs.org/debug
171 silly registry.get cb [ 304,
171 silly registry.get   { date: 'Thu, 06 Nov 2014 16:15:39 GMT',
171 silly registry.get     server: 'Apache',
171 silly registry.get     via: '1.1 varnish',
171 silly registry.get     'last-modified': 'Thu, 06 Nov 2014 16:15:31 GMT',
171 silly registry.get     'cache-control': 'max-age=60',
171 silly registry.get     etag: '"6XAF04JEIUAY679NV7GJMKWPQ"',
171 silly registry.get     age: '8',
171 silly registry.get     'x-served-by': 'cache-ty67-TYO',
171 silly registry.get     'x-cache': 'HIT',
171 silly registry.get     'x-cache-hits': '4',
171 silly registry.get     'x-timer': 'S1415290539.947553,VS0,VE0',
171 silly registry.get     vary: 'Accept',
171 silly registry.get     'content-length': '0',
171 silly registry.get     'keep-alive': 'timeout=10, max=49',
171 silly registry.get     connection: 'Keep-Alive' } ]
172 verbose etag https://registry.npmjs.org/debug from cache
173 http 304 https://registry.npmjs.org/express
174 silly registry.get cb [ 304,
174 silly registry.get   { date: 'Thu, 06 Nov 2014 16:15:39 GMT',
174 silly registry.get     server: 'Apache',
174 silly registry.get     via: '1.1 varnish',
174 silly registry.get     'last-modified': 'Thu, 06 Nov 2014 16:15:39 GMT',
174 silly registry.get     'cache-control': 'max-age=60',
174 silly registry.get     etag: '"9VWKYZ1F4O5IC5ARH8TR2R278"',
174 silly registry.get     age: '32',
174 silly registry.get     'x-served-by': 'cache-ty68-TYO',
174 silly registry.get     'x-cache': 'HIT',
174 silly registry.get     'x-cache-hits': '1',
174 silly registry.get     'x-timer': 'S1415290539.949603,VS0,VE1',
174 silly registry.get     vary: 'Accept',
174 silly registry.get     'content-length': '0',
174 silly registry.get     'keep-alive': 'timeout=10, max=50',
174 silly registry.get     connection: 'Keep-Alive' } ]
175 verbose etag https://registry.npmjs.org/express from cache
176 http 304 https://registry.npmjs.org/body-parser
177 silly registry.get cb [ 304,
177 silly registry.get   { date: 'Thu, 06 Nov 2014 16:15:39 GMT',
177 silly registry.get     server: 'Apache',
177 silly registry.get     via: '1.1 varnish',
177 silly registry.get     'last-modified': 'Thu, 06 Nov 2014 16:15:39 GMT',
177 silly registry.get     'cache-control': 'max-age=60',
177 silly registry.get     etag: '"31NOWALYE5KS8CUXXM9FZZM0H"',
177 silly registry.get     age: '11',
177 silly registry.get     'x-served-by': 'cache-ty68-TYO',
177 silly registry.get     'x-cache': 'HIT',
177 silly registry.get     'x-cache-hits': '1',
177 silly registry.get     'x-timer': 'S1415290539.950622,VS0,VE0',
177 silly registry.get     vary: 'Accept',
177 silly registry.get     'content-length': '0',
177 silly registry.get     'keep-alive': 'timeout=10, max=49',
177 silly registry.get     connection: 'Keep-Alive' } ]
178 verbose etag https://registry.npmjs.org/body-parser from cache
179 silly addNameRange number 2 { name: 'debug', range: '>=0.7.4-0 <0.8.0-0', hasData: true }
180 silly addNameRange versions [ 'debug',
180 silly addNameRange   [ '0.0.1',
180 silly addNameRange     '0.1.0',
180 silly addNameRange     '0.2.0',
180 silly addNameRange     '0.3.0',
180 silly addNameRange     '0.4.0',
180 silly addNameRange     '0.4.1',
180 silly addNameRange     '0.5.0',
180 silly addNameRange     '0.6.0',
180 silly addNameRange     '0.7.0',
180 silly addNameRange     '0.7.1',
180 silly addNameRange     '0.7.2',
180 silly addNameRange     '0.7.3',
180 silly addNameRange     '0.7.4',
180 silly addNameRange     '0.8.0',
180 silly addNameRange     '0.8.1',
180 silly addNameRange     '1.0.0',
180 silly addNameRange     '1.0.1',
180 silly addNameRange     '1.0.2',
180 silly addNameRange     '1.0.3',
180 silly addNameRange     '1.0.4',
180 silly addNameRange     '2.0.0',
180 silly addNameRange     '2.1.0' ] ]
181 verbose addNamed [ 'debug', '0.7.4' ]
182 verbose addNamed [ '0.7.4', '0.7.4' ]
183 silly lockFile 16160008-debug-0-7-4 debug@0.7.4
184 verbose lock debug@0.7.4 /Users/tomhu/.npm/16160008-debug-0-7-4.lock
185 silly addNameRange number 2 { name: 'express', range: '>=4.2.0-0 <4.3.0-0', hasData: true }
186 silly addNameRange versions [ 'express',
186 silly addNameRange   [ '0.14.0',
186 silly addNameRange     '0.14.1',
186 silly addNameRange     '1.0.0',
186 silly addNameRange     '1.0.1',
186 silly addNameRange     '1.0.2',
186 silly addNameRange     '1.0.3',
186 silly addNameRange     '1.0.4',
186 silly addNameRange     '1.0.5',
186 silly addNameRange     '1.0.6',
186 silly addNameRange     '1.0.7',
186 silly addNameRange     '1.0.8',
186 silly addNameRange     '2.0.0',
186 silly addNameRange     '2.1.0',
186 silly addNameRange     '2.1.1',
186 silly addNameRange     '2.2.0',
186 silly addNameRange     '2.2.1',
186 silly addNameRange     '2.2.2',
186 silly addNameRange     '2.3.0',
186 silly addNameRange     '2.3.1',
186 silly addNameRange     '2.3.2',
186 silly addNameRange     '2.3.3',
186 silly addNameRange     '2.3.4',
186 silly addNameRange     '2.3.5',
186 silly addNameRange     '2.3.6',
186 silly addNameRange     '2.3.7',
186 silly addNameRange     '2.3.8',
186 silly addNameRange     '2.3.9',
186 silly addNameRange     '2.3.10',
186 silly addNameRange     '2.3.11',
186 silly addNameRange     '2.3.12',
186 silly addNameRange     '2.4.0',
186 silly addNameRange     '2.4.1',
186 silly addNameRange     '2.4.2',
186 silly addNameRange     '2.4.3',
186 silly addNameRange     '2.4.4',
186 silly addNameRange     '2.4.5',
186 silly addNameRange     '2.4.6',
186 silly addNameRange     '2.4.7',
186 silly addNameRange     '2.5.0',
186 silly addNameRange     '2.5.1',
186 silly addNameRange     '2.5.2',
186 silly addNameRange     '2.5.3',
186 silly addNameRange     '2.5.4',
186 silly addNameRange     '2.5.5',
186 silly addNameRange     '2.5.6',
186 silly addNameRange     '2.5.7',
186 silly addNameRange     '2.5.8',
186 silly addNameRange     '2.5.9',
186 silly addNameRange     '2.5.10',
186 silly addNameRange     '2.5.11',
186 silly addNameRange     '3.0.0',
186 silly addNameRange     '3.0.1',
186 silly addNameRange     '3.0.2',
186 silly addNameRange     '3.0.3',
186 silly addNameRange     '3.0.4',
186 silly addNameRange     '3.0.5',
186 silly addNameRange     '3.0.6',
186 silly addNameRange     '3.1.0',
186 silly addNameRange     '3.1.1',
186 silly addNameRange     '3.1.2',
186 silly addNameRange     '3.2.0',
186 silly addNameRange     '3.2.1',
186 silly addNameRange     '3.2.2',
186 silly addNameRange     '3.2.3',
186 silly addNameRange     '3.2.4',
186 silly addNameRange     '3.2.5',
186 silly addNameRange     '3.2.6',
186 silly addNameRange     '3.3.0',
186 silly addNameRange     '3.3.1',
186 silly addNameRange     '3.3.2',
186 silly addNameRange     '3.3.3',
186 silly addNameRange     '3.3.4',
186 silly addNameRange     '3.3.5',
186 silly addNameRange     '3.3.6',
186 silly addNameRange     '1.0.0-beta',
186 silly addNameRange     '1.0.0-beta2',
186 silly addNameRange     '1.0.0-rc',
186 silly addNameRange     '1.0.0-rc2',
186 silly addNameRange     '1.0.0-rc3',
186 silly addNameRange     '1.0.0-rc4',
186 silly addNameRange     '2.0.0-beta',
186 silly addNameRange     '2.0.0-beta2',
186 silly addNameRange     '2.0.0-beta3',
186 silly addNameRange     '2.0.0-rc',
186 silly addNameRange     '2.0.0-rc2',
186 silly addNameRange     '2.0.0-rc3',
186 silly addNameRange     '3.0.0-alpha1',
186 silly addNameRange     '3.0.0-alpha2',
186 silly addNameRange     '3.0.0-alpha3',
186 silly addNameRange     '3.0.0-alpha4',
186 silly addNameRange     '3.0.0-alpha5',
186 silly addNameRange     '3.0.0-beta1',
186 silly addNameRange     '3.0.0-beta2',
186 silly addNameRange     '3.0.0-beta3',
186 silly addNameRange     '3.0.0-beta4',
186 silly addNameRange     '3.0.0-beta6',
186 silly addNameRange     '3.0.0-beta7',
186 silly addNameRange     '3.0.0-rc1',
186 silly addNameRange     '3.0.0-rc2',
186 silly addNameRange     '3.0.0-rc3',
186 silly addNameRange     '3.0.0-rc4',
186 silly addNameRange     '3.0.0-rc5',
186 silly addNameRange     '3.3.7',
186 silly addNameRange     '3.3.8',
186 silly addNameRange     '3.4.0',
186 silly addNameRange     '3.4.1',
186 silly addNameRange     '3.4.2',
186 silly addNameRange     '3.4.3',
186 silly addNameRange     '3.4.4',
186 silly addNameRange     '3.4.5',
186 silly addNameRange     '3.4.6',
186 silly addNameRange     '3.4.7',
186 silly addNameRange     '3.4.8',
186 silly addNameRange     '4.0.0-rc1',
186 silly addNameRange     '4.0.0-rc2',
186 silly addNameRange     '3.5.0',
186 silly addNameRange     '4.0.0-rc3',
186 silly addNameRange     '4.0.0-rc4',
186 silly addNameRange     '3.5.1',
186 silly addNameRange     '4.0.0',
186 silly addNameRange     '3.5.2',
186 silly addNameRange     '4.1.0',
186 silly addNameRange     '4.1.1',
186 silly addNameRange     '3.5.3',
186 silly addNameRange     '4.1.2',
186 silly addNameRange     '3.6.0',
186 silly addNameRange     '4.2.0',
186 silly addNameRange     '3.7.0',
186 silly addNameRange     '3.8.0',
186 silly addNameRange     '4.3.0',
186 silly addNameRange     '4.3.1',
186 silly addNameRange     '3.8.1',
186 silly addNameRange     '4.3.2',
186 silly addNameRange     '3.9.0',
186 silly addNameRange     '4.4.0',
186 silly addNameRange     '4.4.1',
186 silly addNameRange     '3.10.0',
186 silly addNameRange     '3.10.1',
186 silly addNameRange     '3.10.2',
186 silly addNameRange     '3.10.3',
186 silly addNameRange     '3.10.4',
186 silly addNameRange     '4.4.2',
186 silly addNameRange     '3.10.5',
186 silly addNameRange     '4.4.3',
186 silly addNameRange     '3.11.0',
186 silly addNameRange     '4.4.4',
186 silly addNameRange     '3.12.0',
186 silly addNameRange     '3.12.1',
186 silly addNameRange     '4.4.5',
186 silly addNameRange     '3.13.0',
186 silly addNameRange     '4.5.0',
186 silly addNameRange     '4.5.1',
186 silly addNameRange     '3.14.0',
186 silly addNameRange     '4.6.0',
186 silly addNameRange     '4.6.1',
186 silly addNameRange     '3.15.0',
186 silly addNameRange     '4.7.0',
186 silly addNameRange     '3.15.1',
186 silly addNameRange     '4.7.1',
186 silly addNameRange     '3.15.2',
186 silly addNameRange     '4.7.2',
186 silly addNameRange     '4.7.3',
186 silly addNameRange     '3.15.3',
186 silly addNameRange     '4.7.4',
186 silly addNameRange     '3.16.0',
186 silly addNameRange     '4.8.0',
186 silly addNameRange     '3.16.1',
186 silly addNameRange     '4.8.1',
186 silly addNameRange     '3.16.2',
186 silly addNameRange     '4.8.2',
186 silly addNameRange     '3.16.3',
186 silly addNameRange     '3.16.4',
186 silly addNameRange     '4.8.3',
186 silly addNameRange     '3.16.5',
186 silly addNameRange     '3.16.6',
186 silly addNameRange     '4.8.4',
186 silly addNameRange     '3.16.7',
186 silly addNameRange     '4.8.5',
186 silly addNameRange     '3.16.8',
186 silly addNameRange     '4.8.6',
186 silly addNameRange     '3.16.9',
186 silly addNameRange     '4.8.7',
186 silly addNameRange     '3.16.10',
186 silly addNameRange     '4.8.8',
186 silly addNameRange     '3.17.0',
186 silly addNameRange     '3.17.1',
186 silly addNameRange     '4.9.0',
186 silly addNameRange     '3.17.2',
186 silly addNameRange     '4.9.1',
186 silly addNameRange     '4.9.2',
186 silly addNameRange     '3.17.3',
186 silly addNameRange     '4.9.3',
186 silly addNameRange     '3.17.4',
186 silly addNameRange     '4.9.4',
186 silly addNameRange     '3.17.5',
186 silly addNameRange     '4.9.5',
186 silly addNameRange     '3.17.6',
186 silly addNameRange     '3.17.7',
186 silly addNameRange     '4.9.6',
186 silly addNameRange     '4.9.7',
186 silly addNameRange     '3.17.8',
186 silly addNameRange     '4.9.8',
186 silly addNameRange     '3.18.0',
186 silly addNameRange     '3.18.1',
186 silly addNameRange     '4.10.0',
186 silly addNameRange     '3.18.2',
186 silly addNameRange     '4.10.1' ] ]
187 verbose addNamed [ 'express', '4.2.0' ]
188 verbose addNamed [ '4.2.0', '4.2.0' ]
189 silly lockFile d8f8835a-express-4-2-0 express@4.2.0
190 verbose lock express@4.2.0 /Users/tomhu/.npm/d8f8835a-express-4-2-0.lock
191 silly addNameRange number 2 { name: 'body-parser',
191 silly addNameRange   range: '>=1.0.0-0 <1.1.0-0',
191 silly addNameRange   hasData: true }
192 silly addNameRange versions [ 'body-parser',
192 silly addNameRange   [ '1.0.0',
192 silly addNameRange     '1.0.1',
192 silly addNameRange     '1.0.2',
192 silly addNameRange     '1.1.0',
192 silly addNameRange     '1.1.1',
192 silly addNameRange     '1.1.2',
192 silly addNameRange     '1.2.0',
192 silly addNameRange     '1.2.1',
192 silly addNameRange     '1.2.2',
192 silly addNameRange     '1.3.0',
192 silly addNameRange     '1.3.1',
192 silly addNameRange     '1.4.0',
192 silly addNameRange     '1.4.1',
192 silly addNameRange     '1.4.2',
192 silly addNameRange     '1.4.3',
192 silly addNameRange     '1.5.0',
192 silly addNameRange     '1.5.1',
192 silly addNameRange     '1.5.2',
192 silly addNameRange     '1.6.0',
192 silly addNameRange     '1.6.1',
192 silly addNameRange     '1.6.2',
192 silly addNameRange     '1.6.3',
192 silly addNameRange     '1.6.4',
192 silly addNameRange     '1.6.5',
192 silly addNameRange     '1.6.6',
192 silly addNameRange     '1.6.7',
192 silly addNameRange     '1.7.0',
192 silly addNameRange     '1.8.0',
192 silly addNameRange     '1.8.1',
192 silly addNameRange     '1.8.2',
192 silly addNameRange     '1.8.3',
192 silly addNameRange     '1.8.4',
192 silly addNameRange     '1.9.0',
192 silly addNameRange     '1.9.1',
192 silly addNameRange     '1.9.2' ] ]
193 verbose addNamed [ 'body-parser', '1.0.2' ]
194 verbose addNamed [ '1.0.2', '1.0.2' ]
195 silly lockFile bc6ccf3b-body-parser-1-0-2 body-parser@1.0.2
196 verbose lock body-parser@1.0.2 /Users/tomhu/.npm/bc6ccf3b-body-parser-1-0-2.lock
197 http 200 https://registry.npmjs.org/cookie-parser/-/cookie-parser-1.0.1.tgz
198 http 200 https://registry.npmjs.org/static-favicon/-/static-favicon-1.0.2.tgz
199 silly lockFile 15b056fe-js-org-express-express-4-2-0-tgz https://registry.npmjs.org/express/-/express-4.2.0.tgz
200 verbose lock https://registry.npmjs.org/express/-/express-4.2.0.tgz /Users/tomhu/.npm/15b056fe-js-org-express-express-4-2-0-tgz.lock
201 verbose addRemoteTarball [ 'https://registry.npmjs.org/express/-/express-4.2.0.tgz',
201 verbose addRemoteTarball   '3121993a45126693e8bf897aefb4dd783762dc60' ]
202 silly lockFile 9ecea155-ody-parser-body-parser-1-0-2-tgz https://registry.npmjs.org/body-parser/-/body-parser-1.0.2.tgz
203 verbose lock https://registry.npmjs.org/body-parser/-/body-parser-1.0.2.tgz /Users/tomhu/.npm/9ecea155-ody-parser-body-parser-1-0-2-tgz.lock
204 verbose addRemoteTarball [ 'https://registry.npmjs.org/body-parser/-/body-parser-1.0.2.tgz',
204 verbose addRemoteTarball   '3461479a3278fe00fcaebec3314bb54fc4f7b47c' ]
205 info retry fetch attempt 1 at 00:15:40
206 verbose fetch to= /var/folders/fn/b72clltj0mz2xrjgxx0m6tq00000gn/T/npm-1329-k1olJdRw/registry.npmjs.org/express/-/express-4.2.0.tgz
207 http GET https://registry.npmjs.org/express/-/express-4.2.0.tgz
208 info retry fetch attempt 1 at 00:15:40
209 verbose fetch to= /var/folders/fn/b72clltj0mz2xrjgxx0m6tq00000gn/T/npm-1329-k1olJdRw/registry.npmjs.org/body-parser/-/body-parser-1.0.2.tgz
210 http GET https://registry.npmjs.org/body-parser/-/body-parser-1.0.2.tgz
211 silly lockFile 16160008-debug-0-7-4 debug@0.7.4
212 silly lockFile 16160008-debug-0-7-4 debug@0.7.4
213 silly lockFile cf1a6986-debug-0-7-4 debug@~0.7.4
214 silly lockFile cf1a6986-debug-0-7-4 debug@~0.7.4
215 silly lockFile 668bf449-e-parser-cookie-parser-1-0-1-tgz https://registry.npmjs.org/cookie-parser/-/cookie-parser-1.0.1.tgz
216 silly lockFile 668bf449-e-parser-cookie-parser-1-0-1-tgz https://registry.npmjs.org/cookie-parser/-/cookie-parser-1.0.1.tgz
217 silly lockFile 8d245ba8-cookie-parser-1-0-1 cookie-parser@1.0.1
218 silly lockFile 8d245ba8-cookie-parser-1-0-1 cookie-parser@1.0.1
219 silly lockFile 8e5bf42e-cookie-parser-1-0-1 cookie-parser@~1.0.1
220 silly lockFile 8e5bf42e-cookie-parser-1-0-1 cookie-parser@~1.0.1
221 silly lockFile 91d3f0b0-favicon-static-favicon-1-0-2-tgz https://registry.npmjs.org/static-favicon/-/static-favicon-1.0.2.tgz
222 silly lockFile 91d3f0b0-favicon-static-favicon-1-0-2-tgz https://registry.npmjs.org/static-favicon/-/static-favicon-1.0.2.tgz
223 silly lockFile d92031be-static-favicon-1-0-2 static-favicon@1.0.2
224 silly lockFile d92031be-static-favicon-1-0-2 static-favicon@1.0.2
225 silly lockFile 934b2baf-static-favicon-1-0-0 static-favicon@~1.0.0
226 silly lockFile 934b2baf-static-favicon-1-0-0 static-favicon@~1.0.0
227 http 200 https://registry.npmjs.org/body-parser/-/body-parser-1.0.2.tgz
228 silly lockFile 9ecea155-ody-parser-body-parser-1-0-2-tgz https://registry.npmjs.org/body-parser/-/body-parser-1.0.2.tgz
229 silly lockFile 9ecea155-ody-parser-body-parser-1-0-2-tgz https://registry.npmjs.org/body-parser/-/body-parser-1.0.2.tgz
230 silly lockFile bc6ccf3b-body-parser-1-0-2 body-parser@1.0.2
231 silly lockFile bc6ccf3b-body-parser-1-0-2 body-parser@1.0.2
232 silly lockFile 9ca6d1f0-body-parser-1-0-0 body-parser@~1.0.0
233 silly lockFile 9ca6d1f0-body-parser-1-0-0 body-parser@~1.0.0
234 http 200 https://registry.npmjs.org/express/-/express-4.2.0.tgz
235 silly lockFile 15b056fe-js-org-express-express-4-2-0-tgz https://registry.npmjs.org/express/-/express-4.2.0.tgz
236 silly lockFile 15b056fe-js-org-express-express-4-2-0-tgz https://registry.npmjs.org/express/-/express-4.2.0.tgz
237 silly lockFile d8f8835a-express-4-2-0 express@4.2.0
238 silly lockFile d8f8835a-express-4-2-0 express@4.2.0
239 silly lockFile e148bbb5-express-4-2-0 express@~4.2.0
240 silly lockFile e148bbb5-express-4-2-0 express@~4.2.0
241 http 304 https://registry.npmjs.org/morgan
242 silly registry.get cb [ 304,
242 silly registry.get   { date: 'Thu, 06 Nov 2014 16:15:40 GMT',
242 silly registry.get     server: 'Apache',
242 silly registry.get     via: '1.1 varnish',
242 silly registry.get     'last-modified': 'Thu, 06 Nov 2014 16:15:41 GMT',
242 silly registry.get     'cache-control': 'max-age=60',
242 silly registry.get     etag: '"708ZQTN8ZP2GVR4WWCO6UK2FY"',
242 silly registry.get     age: '0',
242 silly registry.get     'x-served-by': 'cache-ty66-TYO',
242 silly registry.get     'x-cache': 'HIT',
242 silly registry.get     'x-cache-hits': '1',
242 silly registry.get     'x-timer': 'S1415290540.784378,VS0,VE469',
242 silly registry.get     vary: 'Accept',
242 silly registry.get     'content-length': '0',
242 silly registry.get     'keep-alive': 'timeout=10, max=50',
242 silly registry.get     connection: 'Keep-Alive' } ]
243 verbose etag https://registry.npmjs.org/morgan from cache
244 silly addNameRange number 2 { name: 'morgan', range: '>=1.0.0-0 <1.1.0-0', hasData: true }
245 silly addNameRange versions [ 'morgan',
245 silly addNameRange   [ '1.0.0',
245 silly addNameRange     '1.0.1',
245 silly addNameRange     '1.1.0',
245 silly addNameRange     '1.1.1',
245 silly addNameRange     '1.2.0',
245 silly addNameRange     '1.2.1',
245 silly addNameRange     '1.2.2',
245 silly addNameRange     '1.2.3',
245 silly addNameRange     '1.3.0',
245 silly addNameRange     '1.3.1',
245 silly addNameRange     '1.3.2',
245 silly addNameRange     '1.4.0',
245 silly addNameRange     '1.4.1' ] ]
246 verbose addNamed [ 'morgan', '1.0.1' ]
247 verbose addNamed [ '1.0.1', '1.0.1' ]
248 silly lockFile 31a6829c-morgan-1-0-1 morgan@1.0.1
249 verbose lock morgan@1.0.1 /Users/tomhu/.npm/31a6829c-morgan-1-0-1.lock
250 silly lockFile 50a0a19a-pmjs-org-morgan-morgan-1-0-1-tgz https://registry.npmjs.org/morgan/-/morgan-1.0.1.tgz
251 verbose lock https://registry.npmjs.org/morgan/-/morgan-1.0.1.tgz /Users/tomhu/.npm/50a0a19a-pmjs-org-morgan-morgan-1-0-1-tgz.lock
252 verbose addRemoteTarball [ 'https://registry.npmjs.org/morgan/-/morgan-1.0.1.tgz',
252 verbose addRemoteTarball   '8250a5d711de625453022945344d4d6762630c64' ]
253 info retry fetch attempt 1 at 00:15:41
254 verbose fetch to= /var/folders/fn/b72clltj0mz2xrjgxx0m6tq00000gn/T/npm-1329-k1olJdRw/registry.npmjs.org/morgan/-/morgan-1.0.1.tgz
255 http GET https://registry.npmjs.org/morgan/-/morgan-1.0.1.tgz
256 http 200 https://registry.npmjs.org/morgan/-/morgan-1.0.1.tgz
257 silly lockFile 50a0a19a-pmjs-org-morgan-morgan-1-0-1-tgz https://registry.npmjs.org/morgan/-/morgan-1.0.1.tgz
258 silly lockFile 50a0a19a-pmjs-org-morgan-morgan-1-0-1-tgz https://registry.npmjs.org/morgan/-/morgan-1.0.1.tgz
259 silly lockFile 31a6829c-morgan-1-0-1 morgan@1.0.1
260 silly lockFile 31a6829c-morgan-1-0-1 morgan@1.0.1
261 silly lockFile 58998603-morgan-1-0-0 morgan@~1.0.0
262 silly lockFile 58998603-morgan-1-0-0 morgan@~1.0.0
263 http 200 https://registry.npmjs.org/jade
264 silly registry.get cb [ 200,
264 silly registry.get   { date: 'Thu, 06 Nov 2014 16:15:39 GMT',
264 silly registry.get     server: 'CouchDB/1.5.0 (Erlang OTP/R16B03)',
264 silly registry.get     etag: '"QHLPMBXXME56JWDXG4BJV1EZ"',
264 silly registry.get     'content-type': 'application/json',
264 silly registry.get     'cache-control': 'max-age=60',
264 silly registry.get     'content-length': '127465',
264 silly registry.get     'accept-ranges': 'bytes',
264 silly registry.get     via: '1.1 varnish',
264 silly registry.get     age: '7',
264 silly registry.get     'x-served-by': 'cache-ty68-TYO',
264 silly registry.get     'x-cache': 'HIT',
264 silly registry.get     'x-cache-hits': '2',
264 silly registry.get     'x-timer': 'S1415290539.951921,VS0,VE0',
264 silly registry.get     vary: 'Accept',
264 silly registry.get     'keep-alive': 'timeout=10, max=50',
264 silly registry.get     connection: 'Keep-Alive' } ]
265 silly addNameRange number 2 { name: 'jade', range: '>=1.3.0-0 <1.4.0-0', hasData: true }
266 silly addNameRange versions [ 'jade',
266 silly addNameRange   [ '0.0.1',
266 silly addNameRange     '0.0.2',
266 silly addNameRange     '0.1.0',
266 silly addNameRange     '0.2.0',
266 silly addNameRange     '0.2.1',
266 silly addNameRange     '0.2.2',
266 silly addNameRange     '0.2.3',
266 silly addNameRange     '0.2.4',
266 silly addNameRange     '0.3.0',
266 silly addNameRange     '0.4.0',
266 silly addNameRange     '0.4.1',
266 silly addNameRange     '0.5.0',
266 silly addNameRange     '0.5.1',
266 silly addNameRange     '0.5.2',
266 silly addNameRange     '0.5.3',
266 silly addNameRange     '0.5.4',
266 silly addNameRange     '0.5.5',
266 silly addNameRange     '0.5.6',
266 silly addNameRange     '0.5.7',
266 silly addNameRange     '0.6.0',
266 silly addNameRange     '0.6.1',
266 silly addNameRange     '0.6.3',
266 silly addNameRange     '0.7.0',
266 silly addNameRange     '0.7.1',
266 silly addNameRange     '0.8.0',
266 silly addNameRange     '0.8.1',
266 silly addNameRange     '0.8.2',
266 silly addNameRange     '0.8.3',
266 silly addNameRange     '0.8.4',
266 silly addNameRange     '0.8.5',
266 silly addNameRange     '0.8.6',
266 silly addNameRange     '0.8.7',
266 silly addNameRange     '0.8.8',
266 silly addNameRange     '0.8.9',
266 silly addNameRange     '0.9.0',
266 silly addNameRange     '0.9.1',
266 silly addNameRange     '0.9.2',
266 silly addNameRange     '0.9.3',
266 silly addNameRange     '0.10.0',
266 silly addNameRange     '0.10.1',
266 silly addNameRange     '0.10.2',
266 silly addNameRange     '0.10.3',
266 silly addNameRange     '0.10.4',
266 silly addNameRange     '0.10.5',
266 silly addNameRange     '0.10.6',
266 silly addNameRange     '0.10.7',
266 silly addNameRange     '0.11.0',
266 silly addNameRange     '0.11.1',
266 silly addNameRange     '0.12.0',
266 silly addNameRange     '0.12.1',
266 silly addNameRange     '0.12.2',
266 silly addNameRange     '0.12.3',
266 silly addNameRange     '0.12.4',
266 silly addNameRange     '0.13.0',
266 silly addNameRange     '0.14.0',
266 silly addNameRange     '0.14.1',
266 silly addNameRange     '0.14.2',
266 silly addNameRange     '0.15.0',
266 silly addNameRange     '0.15.1',
266 silly addNameRange     '0.15.2',
266 silly addNameRange     '0.15.3',
266 silly addNameRange     '0.15.4',
266 silly addNameRange     '0.16.0',
266 silly addNameRange     '0.16.1',
266 silly addNameRange     '0.16.2',
266 silly addNameRange     '0.16.3',
266 silly addNameRange     '0.16.4',
266 silly addNameRange     '0.17.0',
266 silly addNameRange     '0.18.0',
266 silly addNameRange     '0.19.0',
266 silly addNameRange     '0.20.0',
266 silly addNameRange     '0.20.1',
266 silly addNameRange     '0.20.2',
266 silly addNameRange     '0.20.3',
266 silly addNameRange     '0.21.0',
266 silly addNameRange     '0.22.0',
266 silly addNameRange     '0.22.1',
266 silly addNameRange     '0.23.0',
266 silly addNameRange     '0.24.0',
266 silly addNameRange     '0.25.0',
266 silly addNameRange     '0.26.0',
266 silly addNameRange     '0.26.1',
266 silly addNameRange     '0.26.2',
266 silly addNameRange     '0.26.3',
266 silly addNameRange     '0.27.0',
266 silly addNameRange     '0.27.1',
266 silly addNameRange     '0.27.2',
266 silly addNameRange     '0.27.3',
266 silly addNameRange     '0.27.4',
266 silly addNameRange     '0.27.5',
266 silly addNameRange     '0.27.6',
266 silly addNameRange     '0.27.7',
266 silly addNameRange     '0.28.0',
266 silly addNameRange     '0.28.1',
266 silly addNameRange     '0.28.2',
266 silly addNameRange     '0.29.0',
266 silly addNameRange     '0.30.0',
266 silly addNameRange     '0.31.0',
266 silly addNameRange     '0.31.1',
266 silly addNameRange     '0.31.2',
266 silly addNameRange     '0.32.0',
266 silly addNameRange     '0.33.0',
266 silly addNameRange     '0.34.0',
266 silly addNameRange     '0.34.1',
266 silly addNameRange     '0.35.0',
266 silly addNameRange     '1.0.0',
266 silly addNameRange     '1.0.1',
266 silly addNameRange     '1.0.2',
266 silly addNameRange     '1.1.0',
266 silly addNameRange     '1.1.1',
266 silly addNameRange     '1.1.2',
266 silly addNameRange     '1.1.3',
266 silly addNameRange     '1.1.4',
266 silly addNameRange     '1.1.5',
266 silly addNameRange     '1.2.0',
266 silly addNameRange     '1.3.0',
266 silly addNameRange     '1.3.1',
266 silly addNameRange     '1.4.0',
266 silly addNameRange     '1.4.1',
266 silly addNameRange     '1.4.2',
266 silly addNameRange     '1.5.0',
266 silly addNameRange     '1.6.0',
266 silly addNameRange     '1.7.0' ] ]
267 verbose addNamed [ 'jade', '1.3.1' ]
268 verbose addNamed [ '1.3.1', '1.3.1' ]
269 silly lockFile 7666cb91-jade-1-3-1 jade@1.3.1
270 verbose lock jade@1.3.1 /Users/tomhu/.npm/7666cb91-jade-1-3-1.lock
271 silly lockFile 5acd7fce-ry-npmjs-org-jade-jade-1-3-1-tgz https://registry.npmjs.org/jade/-/jade-1.3.1.tgz
272 verbose lock https://registry.npmjs.org/jade/-/jade-1.3.1.tgz /Users/tomhu/.npm/5acd7fce-ry-npmjs-org-jade-jade-1-3-1-tgz.lock
273 verbose addRemoteTarball [ 'https://registry.npmjs.org/jade/-/jade-1.3.1.tgz',
273 verbose addRemoteTarball   '7483d848b8714dc50a40da98b0409790b374216b' ]
274 info retry fetch attempt 1 at 00:15:42
275 verbose fetch to= /var/folders/fn/b72clltj0mz2xrjgxx0m6tq00000gn/T/npm-1329-k1olJdRw/registry.npmjs.org/jade/-/jade-1.3.1.tgz
276 http GET https://registry.npmjs.org/jade/-/jade-1.3.1.tgz
277 http 200 https://registry.npmjs.org/jade/-/jade-1.3.1.tgz
278 silly lockFile 5acd7fce-ry-npmjs-org-jade-jade-1-3-1-tgz https://registry.npmjs.org/jade/-/jade-1.3.1.tgz
279 silly lockFile 5acd7fce-ry-npmjs-org-jade-jade-1-3-1-tgz https://registry.npmjs.org/jade/-/jade-1.3.1.tgz
280 silly lockFile 7666cb91-jade-1-3-1 jade@1.3.1
281 silly lockFile 7666cb91-jade-1-3-1 jade@1.3.1
282 silly lockFile a8defa57-jade-1-3-0 jade@~1.3.0
283 silly lockFile a8defa57-jade-1-3-0 jade@~1.3.0
284 error Error: EACCES, mkdir '/Users/tomhu/.npm/cookie-parser/1.0.1'
284 error  { [Error: EACCES, mkdir '/Users/tomhu/.npm/cookie-parser/1.0.1']
284 error   errno: 3,
284 error   code: 'EACCES',
284 error   path: '/Users/tomhu/.npm/cookie-parser/1.0.1',
284 error   parent: 'Lucky-Film' }
285 error Please try running this command again as root/Administrator.
286 error System Darwin 13.4.0
287 error command "/Users/tomhu/.nvm/v0.10.33/bin/node" "/Users/tomhu/.nvm/v0.10.33/bin/npm" "install"
288 error cwd /Users/tomhu/Documents/Private/Project/Lucky-Film
289 error node -v v0.10.33
290 error npm -v 1.4.28
291 error path /Users/tomhu/.npm/cookie-parser/1.0.1
292 error code EACCES
293 error errno 3
294 error stack Error: EACCES, mkdir '/Users/tomhu/.npm/cookie-parser/1.0.1'
295 verbose exit [ 3, true ]
